<?xml version="1.0" encoding="UTF-8"?>
<!-- Generated by org.testng.reporters.JUnitReportReporter -->
<testsuite skipped="0" hostname="Mhiremath-L" name="com.api.testng.UsersApi.ApiTest" tests="1" failures="0" timestamp="12 Feb 2020 10:49:13 GMT" time="2.443" errors="0">
  <testcase name="test" time="2.443" classname="com.api.testng.UsersApi.ApiTest"/>
</testsuite> <!-- com.api.testng.UsersApi.ApiTest -->
