<?xml version="1.0" encoding="UTF-8"?>
<!-- Generated by org.testng.reporters.JUnitReportReporter -->
<testsuite hostname="Mhiremath-L" name="com.api.testng.UsersApi.GetAPI" tests="1" failures="0" timestamp="14 Feb 2020 05:14:26 GMT" time="3.339" errors="0">
  <testcase name="testapi" time="3.339" classname="com.api.testng.UsersApi.GetAPI"/>
</testsuite> <!-- com.api.testng.UsersApi.GetAPI -->
