<?xml version="1.0" encoding="UTF-8"?>
<!-- Generated by org.testng.reporters.JUnitReportReporter -->
<testsuite skipped="0" hostname="Mhiremath-L" name="com.api.testng.UsersApi.AppTest" tests="1" failures="0" timestamp="12 Feb 2020 04:38:31 GMT" time="0.018" errors="0">
  <testcase name="exampleOfTestNgMaven" time="0.018" classname="com.api.testng.UsersApi.AppTest"/>
</testsuite> <!-- com.api.testng.UsersApi.AppTest -->
