<?xml version="1.0" encoding="UTF-8"?>
<!-- Generated by org.testng.reporters.JUnitReportReporter -->
<testsuite hostname="Mhiremath-L" name="com.api.testng.UsersApi.PostAPI" tests="1" failures="0" timestamp="13 Feb 2020 17:17:41 GMT" time="4.639" errors="0">
  <testcase name="numberpost" time="4.639" classname="com.api.testng.UsersApi.PostAPI"/>
</testsuite> <!-- com.api.testng.UsersApi.PostAPI -->
