<?xml version="1.0" encoding="UTF-8"?>
<!-- Generated by org.testng.reporters.JUnitReportReporter -->
<testsuite hostname="Mhiremath-L" name="com.api.testng.UsersApi.AssuredAPI" tests="1" failures="0" timestamp="13 Feb 2020 16:49:57 GMT" time="3.108" errors="0">
  <testcase name="testapi" time="3.108" classname="com.api.testng.UsersApi.AssuredAPI"/>
</testsuite> <!-- com.api.testng.UsersApi.AssuredAPI -->
