<?xml version="1.0" encoding="UTF-8"?>
<!-- Generated by org.testng.reporters.JUnitReportReporter -->
<testsuite hostname="Mhiremath-L" name="com.api.testng.UsersApi.GetAPI" tests="1" failures="0" timestamp="13 Feb 2020 17:30:49 GMT" time="3.148" errors="0">
  <testcase name="testapi" time="3.148" classname="com.api.testng.UsersApi.GetAPI"/>
</testsuite> <!-- com.api.testng.UsersApi.GetAPI -->
