<?xml version="1.0" encoding="UTF-8"?>
<!-- Generated by org.testng.reporters.JUnitReportReporter -->
<testsuite hostname="Mhiremath-L" name="com.api.testng.UsersApi.PostAPI" tests="1" failures="0" timestamp="14 Feb 2020 17:31:05 GMT" time="2.894" errors="0">
  <testcase name="adddirectorynumber" time="2.894" classname="com.api.testng.UsersApi.PostAPI"/>
</testsuite> <!-- com.api.testng.UsersApi.PostAPI -->
